app/build/intermediates/manifest_merge_blame_file/debug/manifest-merger-blame-debug-report.txt
1<?xml version="1.0" encoding="utf-8"?>
2<manifest xmlns:android="http://schemas.android.com/apk/res/android"
3    package="com.ouapproj.ShakJoRDVapp"
4    android:versionCode="1"
5    android:versionName="1.0" >
6
7    <uses-sdk
8        android:minSdkVersion="21"
8-->src\main\AndroidManifest.xml
9        android:targetSdkVersion="29" />
9-->src\main\AndroidManifest.xml
10
11    <uses-permission android:name="android.permission.INTERNET" />
11-->src\main\AndroidManifest.xml:5:5-67
11-->src\main\AndroidManifest.xml:5:22-64
12    <uses-permission android:name="android.permission.CALL_PHONE" />
12-->src\main\AndroidManifest.xml:6:5-69
12-->src\main\AndroidManifest.xml:6:22-66
13    <uses-permission android:name="android.permission.READ_CONTACTS" />
13-->src\main\AndroidManifest.xml:7:5-72
13-->src\main\AndroidManifest.xml:7:22-69
14    <uses-permission android:name="android.permission.ACCESS_COARSE_LOCATION" />
14-->src\main\AndroidManifest.xml:8:5-81
14-->src\main\AndroidManifest.xml:8:22-78
15    <uses-permission android:name="android.permission.ACCESS_FINE_LOCATION" />
15-->src\main\AndroidManifest.xml:9:5-79
15-->src\main\AndroidManifest.xml:9:22-76
16    <uses-permission android:name="android.permission.WAKE_LOCK" />
16-->src\main\AndroidManifest.xml:10:5-68
16-->src\main\AndroidManifest.xml:10:22-65
17    <uses-permission android:name="android.permission.RECEIVE_BOOT_COMPLETED" />
17-->src\main\AndroidManifest.xml:11:5-81
17-->src\main\AndroidManifest.xml:11:22-78
18
19    <application
19-->src\main\AndroidManifest.xml:13:5-47:19
20        android:name="com.ouapproj.ShakJoRDVapp.AppController"
20-->src\main\AndroidManifest.xml:14:9-63
21        android:allowBackup="true"
21-->src\main\AndroidManifest.xml:15:9-35
22        android:appComponentFactory="androidx.core.app.CoreComponentFactory"
22-->[androidx.core:core:1.1.0] AndroidManifest.xml:24:18-86
23        android:debuggable="true"
24        android:icon="@mipmap/ic_launcher"
24-->src\main\AndroidManifest.xml:16:9-43
25        android:label="@string/app_name"
25-->src\main\AndroidManifest.xml:17:9-41
26        android:roundIcon="@mipmap/ic_launcher_round"
26-->src\main\AndroidManifest.xml:18:9-54
27        android:supportsRtl="true"
27-->src\main\AndroidManifest.xml:19:9-35
28        android:testOnly="true"
29        android:theme="@style/AppTheme" >
29-->src\main\AndroidManifest.xml:20:9-40
30        <activity
30-->src\main\AndroidManifest.xml:21:9-23:40
31            android:name="com.ouapproj.ShakJoRDVapp.activity.SettingsActivity"
31-->src\main\AndroidManifest.xml:22:13-54
32            android:exported="false" />
32-->src\main\AndroidManifest.xml:23:13-37
33        <activity android:name="com.ouapproj.ShakJoRDVapp.activity.AlarmActivity" />
33-->src\main\AndroidManifest.xml:24:9-60
33-->src\main\AndroidManifest.xml:24:19-57
34        <activity android:name="com.ouapproj.ShakJoRDVapp.activity.MainActivity" >
34-->src\main\AndroidManifest.xml:25:9-31:20
34-->src\main\AndroidManifest.xml:25:19-56
35            <intent-filter>
35-->src\main\AndroidManifest.xml:26:13-30:29
36                <action android:name="android.intent.action.MAIN" />
36-->src\main\AndroidManifest.xml:27:17-69
36-->src\main\AndroidManifest.xml:27:25-66
37
38                <category android:name="android.intent.category.LAUNCHER" />
38-->src\main\AndroidManifest.xml:29:17-77
38-->src\main\AndroidManifest.xml:29:27-74
39            </intent-filter>
40        </activity>
41
42        <receiver
42-->src\main\AndroidManifest.xml:33:9-39:20
43            android:name="com.ouapproj.ShakJoRDVapp.broadcastReceiver.AlarmBroadcastReceiver"
43-->src\main\AndroidManifest.xml:34:13-94
44            android:enabled="false" >
44-->src\main\AndroidManifest.xml:35:13-36
45            <intent-filter>
45-->src\main\AndroidManifest.xml:36:13-38:29
46                <action android:name="android.intent.action.BOOT_COMPLETED" />
46-->src\main\AndroidManifest.xml:37:17-79
46-->src\main\AndroidManifest.xml:37:25-76
47            </intent-filter>
48        </receiver>
49
50        <uses-library android:name="com.google.android.maps" />
50-->src\main\AndroidManifest.xml:41:9-64
50-->src\main\AndroidManifest.xml:41:23-61
51
52        <service
52-->src\main\AndroidManifest.xml:43:9-46:39
53            android:name="com.ouapproj.ShakJoRDVapp.broadcastReceiver.AlarmService"
53-->src\main\AndroidManifest.xml:44:13-84
54            android:enabled="true"
54-->src\main\AndroidManifest.xml:45:13-35
55            android:exported="true" />
55-->src\main\AndroidManifest.xml:46:13-36
56
57        <receiver android:name="com.zubair.alarmmanager.receivers.BootCompleteReceiver" >
57-->[com.github.zubairehman:AlarmManager:v1.2.0-alpha01] AndroidManifest.xml:14:9-18:20
57-->[com.github.zubairehman:AlarmManager:v1.2.0-alpha01] AndroidManifest.xml:14:19-88
58            <intent-filter>
58-->src\main\AndroidManifest.xml:36:13-38:29
59                <action android:name="android.intent.action.BOOT_COMPLETED" />
59-->src\main\AndroidManifest.xml:37:17-79
59-->src\main\AndroidManifest.xml:37:25-76
60            </intent-filter>
61        </receiver>
62
63        <service
63-->[androidx.room:room-runtime:2.2.5] AndroidManifest.xml:25:9-28:40
64            android:name="androidx.room.MultiInstanceInvalidationService"
64-->[androidx.room:room-runtime:2.2.5] AndroidManifest.xml:26:13-74
65            android:directBootAware="true"
65-->[androidx.room:room-runtime:2.2.5] AndroidManifest.xml:27:13-43
66            android:exported="false" />
66-->[androidx.room:room-runtime:2.2.5] AndroidManifest.xml:28:13-37
67    </application>
68
69</manifest>